{"level":"info","message":"[GET /radios]","timestamp":"2023-03-03T05:46:21.278Z"}
{"level":"info","message":"[GET /posts]","timestamp":"2023-03-03T05:46:36.545Z"}
{"level":"info","message":"[POST /login]","timestamp":"2023-03-03T05:47:12.697Z"}
{"level":"info","message":"[DELETE /logout]","timestamp":"2023-03-03T05:48:10.926Z"}
{"level":"info","message":"[DELETE /logout]","timestamp":"2023-03-03T05:49:01.577Z"}
{"level":"info","message":"[GET /radios]","timestamp":"2023-03-03T06:37:12.013Z"}
{"level":"info","message":"[POST /register]","timestamp":"2023-03-03T07:03:03.656Z"}
{"level":"info","message":"[POST /super_admin]","timestamp":"2023-03-06T00:15:21.666Z"}
{"level":"info","message":"[POST /login]","timestamp":"2023-03-06T00:15:42.826Z"}
{"level":"info","message":"[POST /login]","timestamp":"2023-03-06T00:19:01.985Z"}
{"level":"info","message":"[DELETE /logout]","timestamp":"2023-03-06T00:19:34.906Z"}
{"level":"info","message":"[GET /radios]","timestamp":"2023-03-06T22:05:29.104Z"}
{"level":"info","message":"[POST /login]","timestamp":"2023-03-06T22:17:41.789Z"}
{"level":"info","message":"[GET /radios]","timestamp":"2023-03-06T22:18:20.225Z"}
{"level":"info","message":"[DELETE /logout]","timestamp":"2023-03-06T22:18:43.069Z"}
{"level":"info","message":"[GET /radios]","timestamp":"2023-03-06T22:19:01.794Z"}
{"level":"info","message":"[POST /login]","timestamp":"2023-03-06T22:20:32.310Z"}
{"level":"info","message":"[GET /radios]","timestamp":"2023-03-06T22:20:56.849Z"}
{"level":"info","message":"[POST /register]","timestamp":"2023-03-07T10:23:59.528Z"}
{"level":"info","message":"[POST /register]","timestamp":"2023-03-07T10:24:41.731Z"}
{"level":"info","message":"[POST /login]","timestamp":"2023-03-07T10:34:08.891Z"}
{"level":"info","message":"[POST /login]","timestamp":"2023-03-07T10:36:27.094Z"}
{"level":"info","message":"[POST /login]","timestamp":"2023-03-07T10:39:17.406Z"}
{"level":"info","message":"[POST /login]","timestamp":"2023-03-07T10:39:24.429Z"}
{"level":"info","message":"[POST /login]","timestamp":"2023-03-07T10:39:46.572Z"}
{"level":"info","message":"[POST /login]","timestamp":"2023-03-07T10:40:17.477Z"}
{"level":"info","message":"[POST /login]","timestamp":"2023-03-07T10:40:34.772Z"}
{"level":"info","message":"[DELETE /logout]","timestamp":"2023-03-07T10:41:14.106Z"}
{"level":"info","message":"[DELETE /logout]","timestamp":"2023-03-07T10:42:55.028Z"}
{"level":"info","message":"[POST /login]","timestamp":"2023-03-07T10:43:21.948Z"}
{"level":"info","message":"[POST /login]","timestamp":"2023-03-07T10:43:29.340Z"}
{"level":"info","message":"[POST /login]","timestamp":"2023-03-07T10:44:35.599Z"}
{"level":"info","message":"[POST /login]","timestamp":"2023-03-07T10:50:38.123Z"}
{"level":"info","message":"[POST /login]","timestamp":"2023-03-07T10:51:18.300Z"}
{"level":"info","message":"[POST /login]","timestamp":"2023-03-07T10:51:39.181Z"}
{"level":"info","message":"[POST /register]","timestamp":"2023-03-08T21:07:43.147Z"}
{"level":"info","message":"[POST /login]","timestamp":"2023-03-08T21:10:09.380Z"}
{"level":"info","message":"[POST /radios]","timestamp":"2023-03-08T21:26:58.408Z"}
{"level":"info","message":"[GET /radios]","timestamp":"2023-03-08T21:27:06.341Z"}
{"level":"info","message":"[GET /radios/1]","timestamp":"2023-03-08T21:29:47.380Z"}
{"level":"info","message":"[GET /radios/2]","timestamp":"2023-03-08T21:29:53.084Z"}
{"level":"info","message":"[GET /radios/mozaic]","timestamp":"2023-03-08T21:30:07.156Z"}
{"level":"info","message":"[GET /radios]","timestamp":"2023-03-08T21:44:36.126Z"}
{"level":"info","message":"[GET /radios]","timestamp":"2023-03-08T21:49:24.538Z"}
{"level":"info","message":"[POST /super_admin]","timestamp":"2023-03-08T21:55:56.258Z"}
{"level":"info","message":"[POST /login]","timestamp":"2023-03-08T21:59:27.491Z"}
{"level":"info","message":"[POST /login]","timestamp":"2023-03-08T22:00:14.083Z"}
{"level":"info","message":"[POST /login]","timestamp":"2023-03-08T22:00:54.413Z"}
{"level":"info","message":"[POST /login]","timestamp":"2023-03-08T22:00:55.776Z"}
{"level":"info","message":"[POST /login]","timestamp":"2023-03-08T22:00:56.769Z"}
{"level":"info","message":"[POST /login]","timestamp":"2023-03-08T22:00:57.140Z"}
{"level":"info","message":"[POST /login]","timestamp":"2023-03-08T22:00:57.596Z"}
{"level":"info","message":"[POST /login]","timestamp":"2023-03-08T22:00:58.022Z"}
{"level":"info","message":"[POST /login]","timestamp":"2023-03-08T22:08:43.906Z"}
{"level":"info","message":"[POST /login]","timestamp":"2023-03-08T22:09:31.532Z"}
{"level":"info","message":"[POST /login]","timestamp":"2023-03-08T22:09:32.954Z"}
{"level":"info","message":"[POST /login]","timestamp":"2023-03-08T22:09:43.435Z"}
{"level":"info","message":"[POST /login]","timestamp":"2023-03-08T22:10:14.813Z"}
{"level":"info","message":"[POST /login]","timestamp":"2023-03-08T22:10:32.095Z"}
{"level":"info","message":"[POST /login]","timestamp":"2023-03-08T22:10:56.203Z"}
{"level":"info","message":"[POST /login]","timestamp":"2023-03-08T22:21:13.667Z"}
{"level":"info","message":"[POST /login]","timestamp":"2023-03-08T22:21:33.436Z"}
{"level":"info","message":"[POST /login]","timestamp":"2023-03-08T22:21:41.019Z"}
{"level":"info","message":"[POST /login]","timestamp":"2023-03-08T22:22:26.324Z"}
{"level":"info","message":"[POST /login]","timestamp":"2023-03-08T22:24:08.642Z"}
{"level":"info","message":"[POST /login]","timestamp":"2023-03-08T22:25:17.413Z"}
{"level":"info","message":"[POST /super_admin]","timestamp":"2023-03-08T22:26:30.131Z"}
{"level":"info","message":"[POST /login]","timestamp":"2023-03-08T22:27:57.135Z"}
{"level":"info","message":"[POST /login]","timestamp":"2023-03-08T22:27:58.617Z"}
{"level":"info","message":"[POST /login]","timestamp":"2023-03-08T22:27:59.751Z"}
{"level":"info","message":"[POST /login]","timestamp":"2023-03-08T22:28:10.701Z"}
{"level":"info","message":"[POST /login]","timestamp":"2023-03-08T22:28:11.810Z"}
{"level":"info","message":"[POST /login]","timestamp":"2023-03-08T22:28:12.717Z"}
{"level":"info","message":"[POST /login]","timestamp":"2023-03-08T22:28:13.573Z"}
{"level":"info","message":"[POST /login]","timestamp":"2023-03-09T12:13:48.478Z"}
{"level":"info","message":"[POST /login]","timestamp":"2023-03-09T12:17:24.550Z"}
{"level":"info","message":"[POST /login]","timestamp":"2023-03-09T12:17:25.740Z"}
{"level":"info","message":"[POST /login]","timestamp":"2023-03-09T12:17:59.084Z"}
{"level":"info","message":"[POST /login/super_admin]","timestamp":"2023-03-09T12:33:29.805Z"}
{"level":"info","message":"[POST /login/super_admin]","timestamp":"2023-03-09T12:34:32.120Z"}
{"level":"info","message":"[POST /login/super_admin]","timestamp":"2023-03-09T12:34:55.486Z"}
{"level":"info","message":"[POST /login/super_admin]","timestamp":"2023-03-09T12:37:09.816Z"}
{"level":"info","message":"[POST /login/super_admin]","timestamp":"2023-03-09T12:37:35.354Z"}
{"level":"info","message":"[POST /login/super_admin]","timestamp":"2023-03-09T12:38:23.238Z"}
{"level":"info","message":"[POST /login/super_admin]","timestamp":"2023-03-09T12:38:49.177Z"}
{"level":"info","message":"[POST /login/super_admin]","timestamp":"2023-03-09T12:46:25.217Z"}
{"level":"info","message":"[POST /login/super_admin]","timestamp":"2023-03-09T12:46:46.955Z"}
{"level":"info","message":"[POST /login/super_admin]","timestamp":"2023-03-09T12:58:40.164Z"}
{"level":"info","message":"[POST /login/super_admin]","timestamp":"2023-03-09T13:04:22.821Z"}
{"level":"info","message":"[POST /login/super_admin]","timestamp":"2023-03-09T13:19:21.848Z"}
{"level":"info","message":"[POST /login/super_admin]","timestamp":"2023-03-09T13:19:37.369Z"}
{"level":"info","message":"[POST /login/super_admin]","timestamp":"2023-03-09T13:19:54.905Z"}
{"level":"info","message":"[POST /login/super_admin]","timestamp":"2023-03-09T13:45:45.084Z"}
{"level":"info","message":"[POST /super_admin]","timestamp":"2023-03-09T13:45:57.786Z"}
{"level":"info","message":"[POST /super_admin]","timestamp":"2023-03-09T13:47:22.337Z"}
{"level":"info","message":"[POST /login]","timestamp":"2023-03-09T13:51:51.016Z"}
{"level":"info","message":"[POST /login/super_admin]","timestamp":"2023-03-09T13:52:12.913Z"}
{"level":"info","message":"[POST /login/super_admin]","timestamp":"2023-03-09T14:17:22.323Z"}
{"level":"info","message":"[POST /login/super_admin]","timestamp":"2023-03-09T14:22:00.884Z"}
{"level":"info","message":"[POST /login/super_admin]","timestamp":"2023-03-09T14:24:15.120Z"}
{"level":"info","message":"[POST /login/super_admin]","timestamp":"2023-03-09T14:29:52.224Z"}
{"level":"info","message":"[POST /login/super_admin]","timestamp":"2023-03-09T14:30:12.286Z"}
{"level":"info","message":"[POST /login/super_admin]","timestamp":"2023-03-09T14:30:59.144Z"}
{"level":"info","message":"[POST /login/super_admin]","timestamp":"2023-03-09T14:31:14.039Z"}
{"level":"info","message":"[POST /login/super_admin]","timestamp":"2023-03-09T14:31:22.702Z"}
{"level":"info","message":"[POST /login/super_admin]","timestamp":"2023-03-09T14:36:26.931Z"}
{"level":"info","message":"[POST /login/super_admin]","timestamp":"2023-03-09T14:37:27.405Z"}
{"level":"info","message":"[POST /login/super_admin]","timestamp":"2023-03-09T14:38:19.651Z"}
{"level":"info","message":"[POST /login/super_admin]","timestamp":"2023-03-09T14:38:43.790Z"}
{"level":"info","message":"[POST /login/super_admin]","timestamp":"2023-03-09T14:41:26.742Z"}
{"level":"info","message":"[POST /login/super_admin]","timestamp":"2023-03-09T14:42:16.538Z"}
{"level":"info","message":"[POST /login/super_admin]","timestamp":"2023-03-09T14:43:08.253Z"}
{"level":"info","message":"[POST /login/super_admin]","timestamp":"2023-03-09T14:44:07.521Z"}
{"level":"info","message":"[POST /login/super_admin]","timestamp":"2023-03-09T14:44:52.654Z"}
{"level":"info","message":"[POST /login/super_admin]","timestamp":"2023-03-09T14:45:20.805Z"}
{"level":"info","message":"[POST /login/super_admin]","timestamp":"2023-03-09T14:45:42.454Z"}
{"level":"info","message":"[POST /login/super_admin]","timestamp":"2023-03-09T14:53:18.903Z"}
{"level":"info","message":"[POST /login/super_admin]","timestamp":"2023-03-09T14:53:37.318Z"}
{"level":"info","message":"[POST /login/super_admin]","timestamp":"2023-03-09T14:57:47.077Z"}
{"level":"info","message":"[POST /login/super_admin]","timestamp":"2023-03-09T14:58:26.013Z"}
{"level":"info","message":"[POST /login/super_admin]","timestamp":"2023-03-09T15:00:01.755Z"}
{"level":"info","message":"[POST /login/super_admin]","timestamp":"2023-03-09T15:01:33.432Z"}
{"level":"info","message":"[POST /login/super_admin]","timestamp":"2023-03-09T15:16:01.052Z"}
{"level":"info","message":"[POST /login/super_admin]","timestamp":"2023-03-09T15:16:11.728Z"}
{"level":"info","message":"[POST /super_admin]","timestamp":"2023-03-09T15:16:34.872Z"}
{"level":"info","message":"[POST /login/super_admin]","timestamp":"2023-03-09T15:16:42.504Z"}
{"level":"info","message":"[POST /login/super_admin]","timestamp":"2023-03-09T15:18:49.689Z"}
{"level":"info","message":"[POST /login/super_admin]","timestamp":"2023-03-09T15:19:07.203Z"}
{"level":"info","message":"[POST /login/super_admin]","timestamp":"2023-03-09T15:31:05.125Z"}
{"level":"info","message":"[POST /login/super_admin]","timestamp":"2023-03-09T15:31:22.456Z"}
{"level":"info","message":"[POST /login/super_admin]","timestamp":"2023-03-09T16:14:14.498Z"}
{"level":"info","message":"[POST /login/super_admin]","timestamp":"2023-03-09T16:15:16.253Z"}
{"level":"info","message":"[POST /login/super_admin]","timestamp":"2023-03-09T16:15:51.401Z"}
{"level":"info","message":"[POST /login/super_admin]","timestamp":"2023-03-09T16:16:22.445Z"}
{"level":"info","message":"[POST /login/super_admin]","timestamp":"2023-03-09T16:16:56.532Z"}
{"level":"info","message":"[POST /login/super_admin]","timestamp":"2023-03-09T16:17:17.463Z"}
{"level":"info","message":"[POST /login/super_admin]","timestamp":"2023-03-09T16:18:06.586Z"}
{"level":"info","message":"[POST /login/super_admin]","timestamp":"2023-03-09T16:18:26.305Z"}
{"level":"info","message":"[POST /login/super_admin]","timestamp":"2023-03-09T16:28:53.447Z"}
{"level":"info","message":"[POST /super_admin]","timestamp":"2023-03-09T16:51:05.418Z"}
{"level":"info","message":"[POST /login/super_admin]","timestamp":"2023-03-09T16:51:45.484Z"}
{"level":"info","message":"[POST /super_admin]","timestamp":"2023-03-09T16:52:04.084Z"}
{"level":"info","message":"[POST /login]","timestamp":"2023-03-09T16:56:30.545Z"}
{"level":"info","message":"[POST /login]","timestamp":"2023-03-09T17:00:18.389Z"}
{"level":"info","message":"[POST /admin]","timestamp":"2023-03-09T17:14:41.284Z"}
{"level":"info","message":"[POST /login/admin]","timestamp":"2023-03-09T17:17:07.740Z"}
{"level":"info","message":"[POST /login/admin]","timestamp":"2023-03-09T17:22:12.365Z"}
{"level":"info","message":"[POST /login/admin]","timestamp":"2023-03-09T17:23:27.512Z"}
{"level":"info","message":"[POST /login/admin]","timestamp":"2023-03-09T17:24:09.183Z"}
{"level":"info","message":"[POST /login/admin]","timestamp":"2023-03-09T17:25:13.109Z"}
{"level":"info","message":"[POST /login/admin]","timestamp":"2023-03-09T17:25:49.289Z"}
{"level":"info","message":"[POST /login/admin]","timestamp":"2023-03-09T17:26:05.765Z"}
{"level":"info","message":"[POST /login/admin]","timestamp":"2023-03-09T17:26:40.076Z"}
{"level":"info","message":"[POST /login/admin]","timestamp":"2023-03-09T17:27:15.346Z"}
{"level":"info","message":"[POST /login/admin]","timestamp":"2023-03-09T17:27:32.595Z"}
{"level":"info","message":"[POST /login/admin]","timestamp":"2023-03-09T17:28:02.946Z"}
{"level":"info","message":"[POST /login/admin]","timestamp":"2023-03-09T17:28:10.573Z"}
{"level":"info","message":"[POST /login/admin]","timestamp":"2023-03-09T17:28:27.691Z"}
{"level":"info","message":"[POST /login/admin]","timestamp":"2023-03-09T17:28:41.356Z"}
{"level":"info","message":"[POST /login/admin]","timestamp":"2023-03-09T17:28:54.725Z"}
{"level":"info","message":"[POST /login/admin]","timestamp":"2023-03-09T17:29:01.327Z"}
{"level":"info","message":"[POST /login/admin]","timestamp":"2023-03-09T17:29:22.673Z"}
{"level":"info","message":"[POST /login/admin]","timestamp":"2023-03-09T18:00:30.502Z"}
{"level":"info","message":"[POST /admin]","timestamp":"2023-03-09T18:00:38.209Z"}
{"level":"info","message":"[POST /login/admin]","timestamp":"2023-03-09T18:01:04.383Z"}
{"level":"info","message":"[POST /login/admin]","timestamp":"2023-03-09T21:48:10.876Z"}
{"level":"info","message":"[POST /login/admin]","timestamp":"2023-03-09T21:51:54.151Z"}
{"level":"info","message":"[POST /login/admin]","timestamp":"2023-03-09T21:52:45.824Z"}
{"level":"info","message":"[POST /login/admin]","timestamp":"2023-03-09T21:54:19.859Z"}
{"level":"info","message":"[POST /login/admin]","timestamp":"2023-03-09T21:54:30.386Z"}
{"level":"info","message":"[POST /login/admin]","timestamp":"2023-03-09T21:55:45.844Z"}
{"level":"info","message":"[POST /login/admin]","timestamp":"2023-03-09T21:56:15.317Z"}
{"level":"info","message":"[POST /login/admin]","timestamp":"2023-03-09T21:57:51.264Z"}
{"level":"info","message":"[POST /login/admin]","timestamp":"2023-03-09T21:58:38.991Z"}
{"level":"info","message":"[POST /login/admin]","timestamp":"2023-03-09T21:59:39.473Z"}
{"level":"info","message":"[POST /login/admin]","timestamp":"2023-03-09T22:00:20.388Z"}
{"level":"info","message":"[POST /login/admin]","timestamp":"2023-03-09T22:02:53.955Z"}
{"level":"info","message":"[POST /super_admin]","timestamp":"2023-03-09T22:03:43.739Z"}
{"level":"info","message":"[POST /login/super_admin]","timestamp":"2023-03-09T22:03:52.642Z"}
{"level":"info","message":"[POST /login/admin]","timestamp":"2023-03-09T22:04:27.592Z"}
{"level":"info","message":"[POST /login/admin]","timestamp":"2023-03-12T12:30:48.443Z"}
{"level":"info","message":"[POST /login/admin]","timestamp":"2023-03-12T12:31:54.368Z"}
{"level":"info","message":"[POST /login/admin]","timestamp":"2023-03-12T12:32:42.017Z"}
{"level":"info","message":"[POST /login/admin]","timestamp":"2023-03-12T12:33:00.816Z"}
{"level":"info","message":"[POST /login/admin]","timestamp":"2023-03-12T12:33:18.132Z"}
{"level":"info","message":"[POST /login/admin]","timestamp":"2023-03-12T12:34:28.509Z"}
{"level":"info","message":"[POST /login/admin]","timestamp":"2023-03-12T12:34:43.056Z"}
{"level":"info","message":"[POST /login/admin]","timestamp":"2023-03-12T12:34:48.748Z"}
{"level":"info","message":"[POST /login/admin]","timestamp":"2023-03-12T12:35:46.101Z"}
{"level":"info","message":"[POST /login/admin]","timestamp":"2023-03-12T12:35:56.953Z"}
{"level":"info","message":"[POST /login/admin]","timestamp":"2023-03-12T12:36:21.748Z"}
{"level":"info","message":"[POST /login/admin]","timestamp":"2023-03-12T12:36:28.274Z"}
{"level":"info","message":"[POST /login/admin]","timestamp":"2023-03-12T12:36:40.053Z"}
{"level":"info","message":"[POST /login/admin]","timestamp":"2023-03-12T12:42:20.862Z"}
{"level":"info","message":"[POST /login/admin]","timestamp":"2023-03-12T12:42:43.389Z"}
{"level":"info","message":"[POST /login/admin]","timestamp":"2023-03-12T12:42:59.262Z"}
{"level":"info","message":"[POST /login/admin]","timestamp":"2023-03-12T12:43:49.431Z"}
{"level":"info","message":"[POST /login/admin]","timestamp":"2023-03-12T12:44:18.206Z"}
{"level":"info","message":"[POST /login/super_admin]","timestamp":"2023-03-12T12:44:49.570Z"}
{"level":"info","message":"[POST /login/super_admin]","timestamp":"2023-03-12T12:54:19.874Z"}
{"level":"info","message":"[POST /login]","timestamp":"2023-03-12T12:56:39.147Z"}
{"level":"info","message":"[DELETE /logout]","timestamp":"2023-03-12T13:07:23.964Z"}
{"level":"info","message":"[DELETE /logout]","timestamp":"2023-03-12T14:03:47.845Z"}
{"level":"info","message":"[DELETE /logout/admin]","timestamp":"2023-03-12T14:04:14.766Z"}
{"level":"info","message":"[DELETE /logout/admin]","timestamp":"2023-03-12T14:05:47.590Z"}
{"level":"info","message":"[DELETE /logout/admin]","timestamp":"2023-03-12T14:08:11.737Z"}
{"level":"info","message":"[DELETE /logout/admin]","timestamp":"2023-03-12T16:40:30.270Z"}
{"level":"info","message":"[DELETE /logout/admin]","timestamp":"2023-03-12T16:41:09.512Z"}
{"level":"info","message":"[DELETE /logout/admin]","timestamp":"2023-03-12T16:41:41.230Z"}
{"level":"info","message":"[DELETE /logout/admin]","timestamp":"2023-03-12T16:44:36.955Z"}
{"level":"info","message":"[DELETE /logout/admin]","timestamp":"2023-03-12T16:45:08.027Z"}
{"level":"info","message":"[DELETE /logout/admin]","timestamp":"2023-03-12T16:45:28.973Z"}
{"level":"info","message":"[DELETE /logout/admin]","timestamp":"2023-03-12T16:45:44.924Z"}
{"level":"info","message":"[DELETE /logout/admin]","timestamp":"2023-03-12T16:46:21.147Z"}
{"level":"info","message":"[DELETE /logout/admin]","timestamp":"2023-03-12T16:46:49.765Z"}
{"level":"info","message":"[DELETE /logout/admin]","timestamp":"2023-03-12T16:47:22.951Z"}
{"level":"info","message":"[DELETE /logout/super_admin]","timestamp":"2023-03-12T16:52:13.635Z"}
{"level":"info","message":"[DELETE /logout/super_admin]","timestamp":"2023-03-12T16:53:13.585Z"}
{"level":"info","message":"[DELETE /logout/super_admin]","timestamp":"2023-03-12T16:53:51.348Z"}
{"level":"info","message":"[DELETE /logout/super_admin]","timestamp":"2023-03-12T16:54:10.530Z"}
{"level":"info","message":"[DELETE /logout/super_admin]","timestamp":"2023-03-12T16:55:09.451Z"}
{"level":"info","message":"[DELETE /logout/super_admin]","timestamp":"2023-03-12T16:55:44.093Z"}
{"level":"info","message":"[DELETE /logout/super_admin]","timestamp":"2023-03-12T16:55:55.348Z"}
{"level":"info","message":"[DELETE /logout/super_admin]","timestamp":"2023-03-12T16:56:46.694Z"}
{"level":"info","message":"[DELETE /logout/super_admin]","timestamp":"2023-03-12T16:56:47.149Z"}
{"level":"info","message":"[DELETE /logout/super_admin]","timestamp":"2023-03-12T16:58:05.338Z"}
{"level":"info","message":"[DELETE /logout/super_admin]","timestamp":"2023-03-12T16:58:39.978Z"}
{"level":"info","message":"[GET /radios]","timestamp":"2023-03-12T16:59:18.277Z"}
{"level":"info","message":"[GET /chanels]","timestamp":"2023-03-12T16:59:59.770Z"}
{"level":"info","message":"[GET /admin]","timestamp":"2023-04-03T14:29:11.541Z"}
{"level":"info","message":"[GET /admin]","timestamp":"2023-04-03T14:30:37.712Z"}
{"level":"info","message":"[GET /admin]","timestamp":"2023-04-03T16:22:28.641Z"}
{"level":"info","message":"[GET /admin]","timestamp":"2023-04-03T16:22:44.602Z"}
{"level":"info","message":"[GET /admin]","timestamp":"2023-04-03T16:22:55.664Z"}
{"level":"info","message":"[GET /admin]","timestamp":"2023-04-03T16:39:37.560Z"}
{"level":"info","message":"[GET /admin]","timestamp":"2023-04-03T16:40:53.987Z"}
{"level":"info","message":"[GET /admin]","timestamp":"2023-04-05T11:45:19.452Z"}
{"level":"info","message":"[GET /admin]","timestamp":"2023-04-05T11:51:13.042Z"}
{"level":"info","message":"[GET /admin]","timestamp":"2023-04-05T11:52:00.085Z"}
{"level":"info","message":"[GET /admin]","timestamp":"2023-04-05T11:52:09.847Z"}
{"level":"info","message":"[GET /admin]","timestamp":"2023-04-05T11:52:58.413Z"}
{"level":"info","message":"[GET /admin]","timestamp":"2023-04-05T12:15:24.999Z"}
{"level":"info","message":"[GET /admin]","timestamp":"2023-04-05T12:15:27.654Z"}
{"level":"info","message":"[GET /admin]","timestamp":"2023-04-05T12:15:30.053Z"}
{"level":"info","message":"[GET /admin]","timestamp":"2023-04-05T12:15:30.220Z"}
{"level":"info","message":"[GET /admin]","timestamp":"2023-04-05T12:15:30.402Z"}
{"level":"info","message":"[GET /admin]","timestamp":"2023-04-05T12:27:07.805Z"}
{"level":"info","message":"[GET /admin]","timestamp":"2023-04-05T12:27:08.611Z"}
{"level":"info","message":"[GET /admin]","timestamp":"2023-04-05T12:27:08.772Z"}
{"level":"info","message":"[GET /admin]","timestamp":"2023-04-05T12:27:08.925Z"}
{"level":"info","message":"[GET /admin]","timestamp":"2023-04-05T12:27:09.078Z"}
{"level":"info","message":"[GET /admin]","timestamp":"2023-04-05T12:27:09.224Z"}
{"level":"info","message":"[GET /admin]","timestamp":"2023-04-05T12:58:54.842Z"}
{"level":"info","message":"[GET /admin]","timestamp":"2023-04-05T13:20:26.007Z"}
{"level":"info","message":"[GET /admin]","timestamp":"2023-04-05T13:20:26.658Z"}
{"level":"info","message":"[GET /admin]","timestamp":"2023-04-05T13:20:26.819Z"}
{"level":"info","message":"[GET /admin]","timestamp":"2023-04-05T13:20:26.940Z"}
{"level":"info","message":"[GET /admin]","timestamp":"2023-04-05T13:20:27.103Z"}
{"level":"info","message":"[GET /admin]","timestamp":"2023-04-05T13:20:58.474Z"}
{"level":"info","message":"[GET /admin]","timestamp":"2023-04-05T13:20:58.989Z"}
{"level":"info","message":"[GET /admin]","timestamp":"2023-04-05T13:20:59.146Z"}
{"level":"info","message":"[GET /admin]","timestamp":"2023-04-05T13:20:59.298Z"}
{"level":"info","message":"[GET /admin]","timestamp":"2023-04-05T13:20:59.434Z"}
{"level":"info","message":"[GET /admin]","timestamp":"2023-04-05T13:20:59.653Z"}
{"level":"info","message":"[GET /admin]","timestamp":"2023-04-05T13:26:44.705Z"}
{"level":"info","message":"[GET /admin]","timestamp":"2023-04-05T13:26:45.256Z"}
{"level":"info","message":"[GET /admin]","timestamp":"2023-04-05T13:26:45.418Z"}
{"level":"info","message":"[GET /admin]","timestamp":"2023-04-05T13:26:45.577Z"}
{"level":"info","message":"[GET /admin]","timestamp":"2023-04-05T13:26:45.796Z"}
{"level":"info","message":"[GET /admin]","timestamp":"2023-04-05T13:26:59.787Z"}
{"level":"info","message":"[GET /admin]","timestamp":"2023-04-05T13:27:00.427Z"}
{"level":"info","message":"[GET /admin]","timestamp":"2023-04-05T13:27:00.593Z"}
{"level":"info","message":"[GET /admin]","timestamp":"2023-04-05T13:27:00.732Z"}
{"level":"info","message":"[GET /admin]","timestamp":"2023-04-05T13:27:25.988Z"}
{"level":"info","message":"[GET /admin]","timestamp":"2023-04-05T13:27:26.621Z"}
{"level":"info","message":"[GET /admin]","timestamp":"2023-04-05T13:27:26.813Z"}
{"level":"info","message":"[GET /admin]","timestamp":"2023-04-05T13:27:26.949Z"}
{"level":"info","message":"[GET /admin]","timestamp":"2023-04-05T13:27:37.269Z"}
{"level":"info","message":"[GET /admin]","timestamp":"2023-04-05T13:27:43.098Z"}
{"level":"info","message":"[GET /admin]","timestamp":"2023-04-05T13:28:36.876Z"}
{"level":"info","message":"[GET /admin]","timestamp":"2023-04-05T13:31:53.585Z"}
{"level":"info","message":"[GET /admin]","timestamp":"2023-04-05T13:33:21.592Z"}
{"level":"info","message":"[GET /admin]","timestamp":"2023-04-05T13:33:56.107Z"}
{"level":"info","message":"[GET /admin]","timestamp":"2023-04-05T13:33:56.618Z"}
{"level":"info","message":"[GET /admin]","timestamp":"2023-04-05T13:33:56.760Z"}
{"level":"info","message":"[GET /admin]","timestamp":"2023-04-05T13:40:32.237Z"}
{"level":"info","message":"[GET /admin]","timestamp":"2023-04-05T13:40:32.744Z"}
{"level":"info","message":"[GET /admin]","timestamp":"2023-04-05T13:40:32.951Z"}
{"level":"info","message":"[GET /admin]","timestamp":"2023-04-05T13:40:33.114Z"}
{"level":"info","message":"[GET /admin]","timestamp":"2023-04-05T13:41:10.138Z"}
{"level":"info","message":"[GET /admin]","timestamp":"2023-04-05T13:41:56.321Z"}
{"level":"info","message":"[GET /admin]","timestamp":"2023-04-05T13:42:24.692Z"}
{"level":"info","message":"[GET /admin]","timestamp":"2023-04-05T13:42:38.842Z"}
{"level":"info","message":"[GET /admin]","timestamp":"2023-04-05T13:42:55.186Z"}
{"level":"info","message":"[GET /admin]","timestamp":"2023-04-05T13:43:04.270Z"}
{"level":"info","message":"[GET /admin]","timestamp":"2023-04-05T13:43:05.407Z"}
{"level":"info","message":"[GET /admin]","timestamp":"2023-04-05T13:43:05.753Z"}
{"level":"info","message":"[GET /admin]","timestamp":"2023-04-05T13:44:08.075Z"}
{"level":"info","message":"[GET /admin]","timestamp":"2023-04-05T13:44:29.539Z"}
{"level":"info","message":"[GET /admin]","timestamp":"2023-04-05T13:44:57.770Z"}
{"level":"info","message":"[GET /signals]","timestamp":"2023-04-05T13:48:22.994Z"}
{"level":"info","message":"[GET /signals]","timestamp":"2023-04-05T13:48:31.559Z"}
{"level":"info","message":"[GET /signals]","timestamp":"2023-04-05T13:49:57.772Z"}
{"level":"info","message":"[GET /signals]","timestamp":"2023-04-05T15:46:36.165Z"}
{"level":"info","message":"[GET /chanels]","timestamp":"2023-04-05T15:46:52.842Z"}
{"level":"info","message":"[GET /signals]","timestamp":"2023-04-06T16:33:34.822Z"}
{"level":"info","message":"[GET /signals]","timestamp":"2023-04-06T16:33:37.218Z"}
{"level":"info","message":"[GET /signals]","timestamp":"2023-04-06T16:37:10.676Z"}
{"level":"info","message":"[GET /admins]","timestamp":"2023-04-06T23:03:48.899Z"}
{"level":"info","message":"[GET /admins]","timestamp":"2023-04-06T23:07:14.918Z"}
{"level":"info","message":"[GET /admins]","timestamp":"2023-04-06T23:08:53.697Z"}
{"level":"info","message":"[GET /admins]","timestamp":"2023-04-06T23:08:54.821Z"}
{"level":"info","message":"[GET /admins]","timestamp":"2023-04-06T23:09:03.115Z"}
{"level":"info","message":"[GET /admins]","timestamp":"2023-04-06T23:12:10.892Z"}
{"level":"info","message":"[GET /admins]","timestamp":"2023-04-06T23:15:16.071Z"}
{"level":"info","message":"[GET /signals]","timestamp":"2023-04-06T23:15:21.151Z"}
{"level":"info","message":"[GET /signals]","timestamp":"2023-04-06T23:15:24.905Z"}
{"level":"info","message":"[GET /admins]","timestamp":"2023-04-06T23:15:25.887Z"}
{"level":"info","message":"[GET /signals]","timestamp":"2023-04-06T23:15:27.159Z"}
{"level":"info","message":"[GET /admins]","timestamp":"2023-04-06T23:22:15.525Z"}
{"level":"info","message":"[GET /admins]","timestamp":"2023-04-06T23:22:38.589Z"}
{"level":"info","message":"[GET /admins]","timestamp":"2023-04-06T23:28:30.308Z"}
{"level":"info","message":"[GET /admins]","timestamp":"2023-04-06T23:32:51.604Z"}
{"level":"info","message":"[GET /admins]","timestamp":"2023-04-06T23:32:55.850Z"}
{"level":"info","message":"[GET /admins]","timestamp":"2023-04-07T13:00:40.305Z"}
{"level":"info","message":"[GET /admins]","timestamp":"2023-04-07T16:27:32.100Z"}
{"level":"info","message":"[GET /admins]","timestamp":"2023-04-07T16:33:37.473Z"}
{"level":"info","message":"[GET /admins]","timestamp":"2023-04-08T01:21:19.034Z"}
{"level":"info","message":"[GET /admins]","timestamp":"2023-04-08T01:24:31.340Z"}
{"level":"info","message":"[GET /admins]","timestamp":"2023-04-08T01:35:16.515Z"}
{"level":"info","message":"[GET /admins]","timestamp":"2023-04-08T01:39:10.304Z"}
{"level":"info","message":"[GET /admins]","timestamp":"2023-04-08T01:41:11.628Z"}
{"level":"info","message":"[GET /admins]","timestamp":"2023-04-08T01:43:45.470Z"}
{"level":"info","message":"[GET /admins]","timestamp":"2023-04-08T01:43:56.693Z"}
{"level":"info","message":"[GET /admins]","timestamp":"2023-04-08T01:44:52.541Z"}
{"level":"info","message":"[GET /admins]","timestamp":"2023-04-08T01:45:47.270Z"}
{"level":"info","message":"[GET /admins]","timestamp":"2023-04-08T01:57:49.461Z"}
{"level":"info","message":"[GET /admins]","timestamp":"2023-04-08T02:04:27.656Z"}
{"level":"info","message":"[GET /admins]","timestamp":"2023-04-08T02:04:41.479Z"}
{"level":"info","message":"[GET /admins]","timestamp":"2023-04-09T12:58:37.066Z"}
{"level":"info","message":"[GET /admins]","timestamp":"2023-04-10T12:32:18.810Z"}
{"level":"info","message":"[GET /admins]","timestamp":"2023-04-10T13:03:17.724Z"}
{"level":"info","message":"[GET /admins]","timestamp":"2023-04-10T13:03:41.774Z"}
{"level":"info","message":"[GET /admins]","timestamp":"2023-04-10T13:04:17.334Z"}
{"level":"info","message":"[GET /admins]","timestamp":"2023-04-10T13:04:35.513Z"}
{"level":"info","message":"[GET /admins]","timestamp":"2023-04-10T13:05:24.430Z"}
{"level":"info","message":"[GET /admins]","timestamp":"2023-04-10T13:09:51.733Z"}
{"level":"info","message":"[GET /admins]","timestamp":"2023-04-10T13:10:40.201Z"}
{"level":"info","message":"[GET /admins]","timestamp":"2023-04-10T13:11:01.665Z"}
{"level":"info","message":"[GET /admins]","timestamp":"2023-04-10T13:21:05.832Z"}
{"level":"info","message":"[GET /admins]","timestamp":"2023-04-10T13:22:33.539Z"}
{"level":"info","message":"[GET /admins]","timestamp":"2023-04-10T13:31:31.918Z"}
{"level":"info","message":"[GET /admins]","timestamp":"2023-04-10T13:37:38.313Z"}
{"level":"info","message":"[GET /admins]","timestamp":"2023-04-10T13:37:44.004Z"}
{"level":"info","message":"[GET /admins]","timestamp":"2023-04-10T13:38:01.131Z"}
{"level":"info","message":"[GET /signals]","timestamp":"2023-04-10T13:38:11.300Z"}
{"level":"info","message":"[GET /signals]","timestamp":"2023-04-10T13:38:54.859Z"}
{"level":"info","message":"[GET /signals]","timestamp":"2023-04-10T14:05:17.493Z"}
{"level":"info","message":"[GET /signals]","timestamp":"2023-04-10T14:05:20.923Z"}
{"level":"info","message":"[GET /signals]","timestamp":"2023-04-10T14:05:21.889Z"}
{"level":"info","message":"[GET /signals]","timestamp":"2023-04-10T14:05:22.704Z"}
{"level":"info","message":"[GET /signals]","timestamp":"2023-04-10T14:05:23.441Z"}
{"level":"info","message":"[GET /signals]","timestamp":"2023-04-10T14:05:24.090Z"}
{"level":"info","message":"[GET /signals]","timestamp":"2023-04-10T14:05:32.757Z"}
{"level":"info","message":"[GET /admins]","timestamp":"2023-04-10T14:05:52.831Z"}
{"level":"info","message":"[GET /admins]","timestamp":"2023-04-10T14:10:42.233Z"}
{"level":"info","message":"[GET /signals]","timestamp":"2023-04-10T14:11:03.133Z"}
{"level":"info","message":"[GET /signals]","timestamp":"2023-04-10T14:12:31.941Z"}
{"level":"info","message":"[GET /signals]","timestamp":"2023-04-10T14:14:22.950Z"}
{"level":"info","message":"[GET /signals]","timestamp":"2023-04-10T14:18:03.282Z"}
{"level":"info","message":"[GET /signals]","timestamp":"2023-04-10T14:18:13.171Z"}
{"level":"info","message":"[GET /signals]","timestamp":"2023-04-10T16:03:00.245Z"}
{"level":"info","message":"[GET /signals]","timestamp":"2023-04-10T16:04:21.666Z"}
{"level":"info","message":"[GET /signals]","timestamp":"2023-04-10T16:04:54.560Z"}
{"level":"info","message":"[GET /signals]","timestamp":"2023-04-10T16:05:01.640Z"}
{"level":"info","message":"[GET /signals]","timestamp":"2023-04-10T16:05:02.084Z"}
{"level":"info","message":"[GET /signals]","timestamp":"2023-04-10T16:05:02.263Z"}
{"level":"info","message":"[GET /signals]","timestamp":"2023-04-10T16:05:02.428Z"}
{"level":"info","message":"[GET /signals]","timestamp":"2023-04-10T16:05:02.776Z"}
{"level":"info","message":"[GET /signals]","timestamp":"2023-04-10T21:45:44.506Z"}
{"level":"info","message":"[GET /signals]","timestamp":"2023-04-10T21:58:13.320Z"}
{"level":"info","message":"[GET /signals]","timestamp":"2023-04-10T21:58:14.206Z"}
{"level":"info","message":"[GET /signals]","timestamp":"2023-04-10T21:58:14.423Z"}
{"level":"info","message":"[GET /signals]","timestamp":"2023-04-10T22:03:17.379Z"}
{"level":"info","message":"[GET /signals]","timestamp":"2023-04-10T22:03:18.081Z"}
{"level":"info","message":"[GET /signals]","timestamp":"2023-04-10T22:06:29.331Z"}
{"level":"info","message":"[GET /signals]","timestamp":"2023-04-10T22:06:58.863Z"}
{"level":"info","message":"[GET /signals]","timestamp":"2023-04-10T22:06:59.517Z"}
{"level":"info","message":"[GET /signals]","timestamp":"2023-04-10T22:06:59.672Z"}
{"level":"info","message":"[GET /admins]","timestamp":"2023-04-11T22:26:54.732Z"}
{"level":"info","message":"[POST /login/admin]","timestamp":"2023-04-15T08:01:08.450Z"}
{"level":"info","message":"[POST /login/admin]","timestamp":"2023-04-15T08:02:09.403Z"}
{"level":"info","message":"[POST /login/admin]","timestamp":"2023-04-15T08:02:32.926Z"}
{"level":"info","message":"[POST /login/admin]","timestamp":"2023-04-15T08:02:40.947Z"}
{"level":"info","message":"[POST /login/admin]","timestamp":"2023-04-15T08:03:06.290Z"}
{"level":"info","message":"[POST /login/admin]","timestamp":"2023-04-15T08:03:47.291Z"}
{"level":"info","message":"[POST /login/admin]","timestamp":"2023-04-15T08:04:15.805Z"}
{"level":"info","message":"[POST /login/admin]","timestamp":"2023-04-15T08:04:47.169Z"}
{"level":"info","message":"[POST /login/admin]","timestamp":"2023-04-15T08:05:07.724Z"}
{"level":"info","message":"[POST /login/admin]","timestamp":"2023-04-15T08:07:09.642Z"}
{"level":"info","message":"[GET /admins]","timestamp":"2023-04-19T13:58:45.606Z"}
{"level":"info","message":"[GET /admins]","timestamp":"2023-04-19T14:03:47.812Z"}
{"level":"info","message":"[GET /admins]","timestamp":"2023-04-19T14:10:09.468Z"}
{"level":"info","message":"[GET /admins]","timestamp":"2023-04-19T14:10:14.605Z"}
{"level":"info","message":"[GET /admins]","timestamp":"2023-04-19T14:10:29.367Z"}
{"level":"info","message":"[GET /admins]","timestamp":"2023-04-19T14:10:45.815Z"}
{"level":"info","message":"[GET /admins]","timestamp":"2023-04-19T14:10:46.757Z"}
{"level":"info","message":"[GET /admins]","timestamp":"2023-04-19T14:10:46.942Z"}
{"level":"info","message":"[GET /admins]","timestamp":"2023-04-19T14:11:24.602Z"}
{"level":"info","message":"[GET /admins]","timestamp":"2023-04-19T14:11:25.590Z"}
{"level":"info","message":"[GET /admins]","timestamp":"2023-04-19T14:11:25.842Z"}
{"level":"info","message":"[GET /admins]","timestamp":"2023-04-19T14:11:26.053Z"}
{"level":"info","message":"[GET /admins]","timestamp":"2023-04-19T14:11:26.223Z"}
{"level":"info","message":"[GET /admins]","timestamp":"2023-04-19T14:11:26.438Z"}
{"level":"info","message":"[GET /admins]","timestamp":"2023-04-19T14:11:26.594Z"}
{"level":"info","message":"[GET /admins]","timestamp":"2023-04-19T14:11:26.777Z"}
{"level":"info","message":"[GET /admins]","timestamp":"2023-04-19T14:11:26.975Z"}
{"level":"info","message":"[GET /admins]","timestamp":"2023-04-19T14:11:27.158Z"}
{"level":"info","message":"[GET /admins]","timestamp":"2023-04-19T14:11:47.607Z"}
{"level":"info","message":"[GET /admins]","timestamp":"2023-04-19T14:23:35.489Z"}
{"level":"info","message":"[GET /admins]","timestamp":"2023-04-19T14:28:56.236Z"}
{"level":"info","message":"[GET /admins]","timestamp":"2023-04-19T14:39:19.921Z"}
{"level":"info","message":"[GET /admins]","timestamp":"2023-04-19T14:41:02.784Z"}
{"level":"info","message":"[GET /admins]","timestamp":"2023-04-19T14:41:18.063Z"}
{"level":"info","message":"[GET /signals]","timestamp":"2023-04-19T15:55:56.688Z"}
{"level":"info","message":"[GET /admins]","timestamp":"2023-04-19T16:04:13.562Z"}
{"level":"info","message":"[GET /admins]","timestamp":"2023-04-19T16:04:19.843Z"}
{"level":"info","message":"[GET /admins]","timestamp":"2023-04-19T16:05:07.820Z"}
{"level":"info","message":"[GET /signals]","timestamp":"2023-04-23T19:19:50.113Z"}
{"level":"info","message":"[GET /signals]","timestamp":"2023-04-23T21:15:45.421Z"}
{"level":"info","message":"[GET /signals]","timestamp":"2023-04-23T21:21:40.542Z"}
{"level":"info","message":"[GET /signals]","timestamp":"2023-04-23T21:21:47.818Z"}
{"level":"info","message":"[GET /signals]","timestamp":"2023-04-23T21:22:01.604Z"}
{"level":"info","message":"[GET /signals]","timestamp":"2023-04-23T21:25:39.507Z"}
{"level":"info","message":"[GET /signals]","timestamp":"2023-04-23T21:25:53.393Z"}
{"level":"info","message":"[GET /signals]","timestamp":"2023-04-23T21:51:12.113Z"}
{"level":"info","message":"[GET /signals]","timestamp":"2023-04-23T22:21:14.430Z"}
{"level":"info","message":"[GET /signals]","timestamp":"2023-04-23T22:21:32.267Z"}
{"level":"info","message":"[GET /signals]","timestamp":"2023-04-23T22:21:57.901Z"}
{"level":"info","message":"[GET /admins]","timestamp":"2023-04-23T22:23:53.983Z"}
{"level":"info","message":"[GET /admins]","timestamp":"2023-04-23T22:27:47.604Z"}
{"level":"info","message":"[GET /admins]","timestamp":"2023-04-23T23:11:40.563Z"}
{"level":"info","message":"[GET /admins]","timestamp":"2023-04-24T04:54:59.529Z"}
{"level":"info","message":"[GET /admins]","timestamp":"2023-04-25T11:11:49.744Z"}
{"level":"info","message":"[GET /admins]","timestamp":"2023-04-26T05:47:33.523Z"}
{"level":"info","message":"[GET /admins]","timestamp":"2023-04-26T05:53:54.209Z"}
{"level":"info","message":"[GET /admins]","timestamp":"2023-04-26T05:55:19.251Z"}
{"level":"info","message":"[POST /login/admin]","timestamp":"2023-04-26T06:29:47.240Z"}
{"level":"info","message":"[POST /login]","timestamp":"2023-04-26T06:39:08.407Z"}
{"level":"info","message":"[POST /login]","timestamp":"2023-04-26T06:42:19.273Z"}
{"level":"info","message":"[POST /login]","timestamp":"2023-04-26T06:42:23.145Z"}
{"level":"info","message":"[POST /login]","timestamp":"2023-04-26T06:42:29.056Z"}
{"level":"info","message":"[POST /login]","timestamp":"2023-04-26T07:32:56.050Z"}
{"level":"info","message":"[POST /login/admin]","timestamp":"2023-04-26T07:36:10.707Z"}
{"level":"info","message":"[POST /login]","timestamp":"2023-04-26T07:37:00.115Z"}
{"level":"info","message":"[POST /login]","timestamp":"2023-04-26T07:37:26.344Z"}
{"level":"info","message":"[POST /login]","timestamp":"2023-04-26T07:37:30.446Z"}
{"level":"info","message":"[POST /login]","timestamp":"2023-04-26T07:37:47.974Z"}
{"level":"info","message":"[POST /login/admin]","timestamp":"2023-04-26T07:57:03.825Z"}
{"level":"info","message":"[POST /login/admin]","timestamp":"2023-04-26T08:00:29.774Z"}
{"level":"info","message":"[POST /login/admin]","timestamp":"2023-04-26T08:39:34.468Z"}
{"level":"info","message":"[POST /login/admin]","timestamp":"2023-04-26T08:41:35.717Z"}
{"level":"info","message":"[POST /login/admin]","timestamp":"2023-04-26T08:49:20.140Z"}
{"level":"info","message":"[POST /login/admin]","timestamp":"2023-04-26T09:15:00.884Z"}
{"level":"info","message":"[POST /login/admin]","timestamp":"2023-04-26T09:15:51.263Z"}
{"level":"info","message":"[POST /login/admin]","timestamp":"2023-04-26T09:16:09.539Z"}
{"level":"info","message":"[POST /login/admin]","timestamp":"2023-04-26T09:22:13.460Z"}
{"level":"info","message":"[POST /login/admin]","timestamp":"2023-04-26T09:22:32.028Z"}
{"level":"info","message":"[POST /login/admin]","timestamp":"2023-04-26T09:23:05.157Z"}
{"level":"info","message":"[POST /login/admin]","timestamp":"2023-04-26T09:29:44.780Z"}
{"level":"info","message":"[POST /login]","timestamp":"2023-04-26T09:38:05.879Z"}
{"level":"info","message":"[GET /admins]","timestamp":"2023-04-27T09:20:10.259Z"}
{"level":"info","message":"[GET /signals]","timestamp":"2023-04-27T09:20:33.675Z"}
{"level":"info","message":"[GET /signals]","timestamp":"2023-04-27T20:12:27.577Z"}
{"level":"info","message":"[GET /admins]","timestamp":"2023-04-27T20:12:56.059Z"}
{"level":"info","message":"[GET /signals]","timestamp":"2023-04-27T20:14:53.383Z"}
{"level":"info","message":"[GET /signals]","timestamp":"2023-05-02T09:36:34.595Z"}
{"level":"info","message":"[POST /login]","timestamp":"2023-05-02T09:47:48.750Z"}
{"level":"info","message":"[POST /radios]","timestamp":"2023-05-02T12:19:30.476Z"}
{"level":"info","message":"[GET /admins]","timestamp":"2023-05-02T13:21:26.447Z"}
{"level":"info","message":"[GET /admins]","timestamp":"2023-05-02T13:25:41.225Z"}
{"level":"info","message":"[GET /admins]","timestamp":"2023-05-02T13:25:45.378Z"}
{"level":"info","message":"[GET /radios]","timestamp":"2023-05-02T17:54:56.638Z"}
{"level":"info","message":"[GET /radios]","timestamp":"2023-05-02T17:55:00.299Z"}
{"level":"info","message":"[GET /radios]","timestamp":"2023-05-02T17:55:01.498Z"}
{"level":"info","message":"[GET /radios]","timestamp":"2023-05-02T17:55:01.841Z"}
{"level":"info","message":"[GET /radios]","timestamp":"2023-05-02T17:55:01.999Z"}
{"level":"info","message":"[GET /radios]","timestamp":"2023-05-02T17:57:22.361Z"}
{"level":"info","message":"[GET /radios]","timestamp":"2023-05-02T17:57:26.284Z"}
{"level":"info","message":"[GET /radios]","timestamp":"2023-05-09T17:13:05.758Z"}
{"level":"info","message":"[GET /admins]","timestamp":"2023-05-09T17:13:34.826Z"}
{"level":"info","message":"[POST /login]","timestamp":"2023-05-09T17:13:42.199Z"}
{"level":"info","message":"[GET /signals]","timestamp":"2023-05-09T17:13:58.490Z"}
{"level":"info","message":"[GET /admins]","timestamp":"2023-05-09T17:14:20.006Z"}
{"level":"info","message":"[GET /admins]","timestamp":"2023-05-09T17:14:44.885Z"}
{"level":"info","message":"[GET /radios]","timestamp":"2023-05-09T17:15:11.941Z"}
{"level":"info","message":"[GET /radios]","timestamp":"2023-05-15T22:21:02.640Z"}
{"level":"info","message":"[GET /radios]","timestamp":"2023-05-15T22:21:34.951Z"}
{"level":"info","message":"[GET /radios]","timestamp":"2023-05-15T22:24:59.253Z"}
{"level":"info","message":"[GET /radios]","timestamp":"2023-05-15T22:25:01.901Z"}
{"level":"info","message":"[GET /radios]","timestamp":"2023-05-15T22:27:10.954Z"}
{"level":"info","message":"[GET /admins]","timestamp":"2023-05-15T22:27:20.229Z"}
{"level":"info","message":"[GET /admins]","timestamp":"2023-05-15T22:27:27.158Z"}
{"level":"info","message":"[GET /admins]","timestamp":"2023-05-15T22:28:23.381Z"}
{"level":"info","message":"[GET /radios]","timestamp":"2023-05-16T17:01:20.891Z"}
{"level":"info","message":"[GET /radios]","timestamp":"2023-05-16T17:11:50.972Z"}
{"level":"info","message":"[GET /radios]","timestamp":"2023-05-16T17:11:57.099Z"}
{"level":"info","message":"[GET /radios]","timestamp":"2023-05-16T17:12:08.043Z"}
{"level":"info","message":"[GET /radios]","timestamp":"2023-05-16T17:12:09.083Z"}
{"level":"info","message":"[GET /radios]","timestamp":"2023-05-16T17:12:10.049Z"}
{"level":"info","message":"[GET /radios]","timestamp":"2023-05-16T17:12:10.733Z"}
{"level":"info","message":"[GET /radios]","timestamp":"2023-05-16T17:12:11.106Z"}
{"level":"info","message":"[GET /radios]","timestamp":"2023-05-16T17:12:11.486Z"}
{"level":"info","message":"[GET /radios]","timestamp":"2023-05-16T17:12:11.867Z"}
{"level":"info","message":"[GET /radios]","timestamp":"2023-05-16T17:12:12.360Z"}
{"level":"info","message":"[GET /radios]","timestamp":"2023-05-16T17:12:12.768Z"}
{"level":"info","message":"[GET /radios]","timestamp":"2023-05-16T17:12:38.604Z"}
{"level":"info","message":"[GET /radios]","timestamp":"2023-05-16T17:13:27.549Z"}
{"level":"info","message":"[GET /radios]","timestamp":"2023-05-16T17:14:28.899Z"}
{"level":"info","message":"[GET /radios]","timestamp":"2023-05-16T17:34:45.089Z"}
{"level":"info","message":"[GET /radios]","timestamp":"2023-05-16T17:34:47.546Z"}
{"level":"info","message":"[GET /radios]","timestamp":"2023-05-16T17:56:41.525Z"}
{"level":"info","message":"[GET /radios]","timestamp":"2023-05-16T17:56:46.606Z"}
{"level":"info","message":"[GET /radios]","timestamp":"2023-05-16T17:58:24.569Z"}
{"level":"info","message":"[GET /radios]","timestamp":"2023-05-16T17:58:27.438Z"}
{"level":"info","message":"[GET /radios]","timestamp":"2023-05-16T18:01:08.961Z"}
{"level":"info","message":"[GET /radios]","timestamp":"2023-05-16T18:02:42.054Z"}
{"level":"info","message":"[GET /radios]","timestamp":"2023-05-16T18:02:43.426Z"}
{"level":"info","message":"[GET /radios]","timestamp":"2023-05-16T18:02:44.200Z"}
{"level":"info","message":"[GET /radios]","timestamp":"2023-05-16T18:02:44.793Z"}
{"level":"info","message":"[GET /admins]","timestamp":"2023-05-16T18:03:41.860Z"}
{"level":"info","message":"[GET /radios]","timestamp":"2023-05-16T18:03:43.492Z"}
{"level":"info","message":"[GET /radios]","timestamp":"2023-05-16T18:04:29.818Z"}
{"level":"info","message":"[GET /radios]","timestamp":"2023-05-16T18:11:11.217Z"}
{"level":"info","message":"[GET /radios]","timestamp":"2023-05-16T18:11:33.310Z"}
{"level":"info","message":"[GET /radios]","timestamp":"2023-05-16T19:29:12.412Z"}
{"level":"info","message":"[GET /radios]","timestamp":"2023-05-16T19:35:18.911Z"}
{"level":"info","message":"[GET /radios]","timestamp":"2023-05-16T19:35:27.763Z"}
{"level":"info","message":"[GET /radios]","timestamp":"2023-05-16T19:35:30.532Z"}
{"level":"info","message":"[GET /radios]","timestamp":"2023-05-16T19:36:52.654Z"}
{"level":"info","message":"[GET /radios]","timestamp":"2023-05-16T19:37:57.715Z"}
{"level":"info","message":"[GET /radios]","timestamp":"2023-05-16T19:38:02.150Z"}
{"level":"info","message":"[GET /radios]","timestamp":"2023-05-16T19:38:05.461Z"}
{"level":"info","message":"[GET /radios]","timestamp":"2023-05-16T19:38:29.495Z"}
{"level":"info","message":"[GET /admins]","timestamp":"2023-05-16T19:38:31.405Z"}
{"level":"info","message":"[GET /signals]","timestamp":"2023-05-16T19:43:53.870Z"}
{"level":"info","message":"[GET /admins]","timestamp":"2023-05-16T19:44:03.562Z"}
{"level":"info","message":"[GET /admins]","timestamp":"2023-05-16T19:44:55.190Z"}
{"level":"info","message":"[GET /signals]","timestamp":"2023-05-16T19:44:56.655Z"}
{"level":"info","message":"[GET /admins]","timestamp":"2023-05-16T19:45:06.835Z"}
{"level":"info","message":"[GET /admins]","timestamp":"2023-05-17T13:08:06.449Z"}
{"level":"info","message":"[GET /admins]","timestamp":"2023-05-17T13:08:08.520Z"}
{"level":"info","message":"[GET /admins]","timestamp":"2023-05-17T13:08:37.991Z"}
{"level":"info","message":"[GET /admins]","timestamp":"2023-05-17T13:08:59.314Z"}
{"level":"info","message":"[GET /radios]","timestamp":"2023-05-17T13:09:05.194Z"}
{"level":"info","message":"[GET /radios]","timestamp":"2023-05-17T13:11:23.464Z"}
{"level":"info","message":"[GET /radios]","timestamp":"2023-05-17T13:11:43.136Z"}
{"level":"info","message":"[GET /radios]","timestamp":"2023-05-17T13:11:54.381Z"}
{"level":"info","message":"[GET /radios]","timestamp":"2023-05-17T13:18:05.368Z"}
{"level":"info","message":"[GET /radios]","timestamp":"2023-05-17T13:20:03.953Z"}
{"level":"info","message":"[GET /signals]","timestamp":"2023-05-17T13:20:09.393Z"}
{"level":"info","message":"[GET /signals]","timestamp":"2023-05-17T13:20:31.056Z"}
{"level":"info","message":"[GET /signals]","timestamp":"2023-05-17T13:20:35.295Z"}
{"level":"info","message":"[GET /radios]","timestamp":"2023-05-17T13:20:39.815Z"}
{"level":"info","message":"[GET /radios]","timestamp":"2023-05-17T13:22:22.120Z"}
{"level":"info","message":"[GET /admins]","timestamp":"2023-05-17T13:22:30.599Z"}
{"level":"info","message":"[GET /radios]","timestamp":"2023-05-17T13:22:33.829Z"}
{"level":"info","message":"[GET /signals]","timestamp":"2023-05-17T13:29:28.656Z"}
{"level":"info","message":"[GET /radios]","timestamp":"2023-05-17T13:29:42.093Z"}
{"level":"info","message":"[GET /admins]","timestamp":"2023-05-17T13:29:44.351Z"}
{"level":"info","message":"[POST /login]","timestamp":"2023-05-17T13:29:54.365Z"}
{"level":"info","message":"[GET /signals]","timestamp":"2023-05-17T13:29:56.702Z"}
{"level":"info","message":"[GET /admins]","timestamp":"2023-05-17T13:30:02.171Z"}
{"level":"info","message":"[POST /login]","timestamp":"2023-05-18T07:14:02.618Z"}
{"level":"info","message":"[GET /radios]","timestamp":"2023-05-18T07:14:09.605Z"}
{"level":"info","message":"[GET /signals]","timestamp":"2023-05-18T07:14:14.110Z"}
{"level":"info","message":"[GET /signals]","timestamp":"2023-05-18T07:40:40.862Z"}
{"level":"info","message":"[GET /signals]","timestamp":"2023-05-18T07:40:44.180Z"}
{"level":"info","message":"[GET /signals]","timestamp":"2023-05-18T07:42:32.178Z"}
{"level":"info","message":"[GET /radios]","timestamp":"2023-05-18T07:44:33.825Z"}
{"level":"info","message":"[GET /radios]","timestamp":"2023-05-18T07:47:54.167Z"}
{"level":"info","message":"[GET /radios]","timestamp":"2023-05-18T07:47:55.197Z"}
{"level":"info","message":"[GET /radios]","timestamp":"2023-05-18T07:47:55.990Z"}
{"level":"info","message":"[GET /radios]","timestamp":"2023-05-18T07:47:56.198Z"}
{"level":"info","message":"[GET /radios]","timestamp":"2023-05-18T07:47:56.369Z"}
{"level":"info","message":"[GET /radios]","timestamp":"2023-05-18T07:47:56.515Z"}
{"level":"info","message":"[GET /radios]","timestamp":"2023-05-18T07:48:46.929Z"}
{"level":"info","message":"[GET /radios]","timestamp":"2023-05-18T08:01:30.171Z"}
{"level":"info","message":"[GET /radios]","timestamp":"2023-05-18T08:01:31.232Z"}
{"level":"info","message":"[GET /radios]","timestamp":"2023-05-18T08:01:31.570Z"}
{"level":"info","message":"[GET /radios]","timestamp":"2023-05-18T08:01:31.823Z"}
{"level":"info","message":"[GET /radios]","timestamp":"2023-05-18T08:02:47.525Z"}
{"level":"info","message":"[GET /radios]","timestamp":"2023-05-18T08:02:48.412Z"}
{"level":"info","message":"[GET /radios]","timestamp":"2023-05-18T08:02:48.784Z"}
{"level":"info","message":"[GET /radios]","timestamp":"2023-05-18T08:02:49.178Z"}
{"level":"info","message":"[GET /radios]","timestamp":"2023-05-18T08:02:49.405Z"}
{"level":"info","message":"[GET /radios]","timestamp":"2023-05-18T08:02:49.579Z"}
{"level":"info","message":"[GET /radios]","timestamp":"2023-05-18T08:03:10.042Z"}
{"level":"info","message":"[GET /radios]","timestamp":"2023-05-18T08:03:11.120Z"}
{"level":"info","message":"[GET /radios]","timestamp":"2023-05-18T08:03:11.382Z"}
{"level":"info","message":"[GET /radios]","timestamp":"2023-05-18T08:03:11.602Z"}
{"level":"info","message":"[GET /radios]","timestamp":"2023-05-18T08:03:11.788Z"}
{"level":"info","message":"[GET /radios]","timestamp":"2023-05-18T08:05:46.172Z"}
{"level":"info","message":"[GET /radios]","timestamp":"2023-05-18T08:05:46.901Z"}
{"level":"info","message":"[GET /radios]","timestamp":"2023-05-18T08:05:47.262Z"}
{"level":"info","message":"[GET /radios]","timestamp":"2023-05-18T08:05:47.458Z"}
{"level":"info","message":"[GET /radios]","timestamp":"2023-05-18T08:05:47.595Z"}
{"level":"info","message":"[GET /radios]","timestamp":"2023-05-18T08:05:47.737Z"}
{"level":"info","message":"[GET /radios]","timestamp":"2023-05-18T08:05:47.981Z"}
{"level":"info","message":"[GET /radios]","timestamp":"2023-05-18T08:05:48.121Z"}
{"level":"info","message":"[GET /radios]","timestamp":"2023-05-18T08:05:48.308Z"}
{"level":"info","message":"[GET /radios]","timestamp":"2023-05-18T08:06:21.894Z"}
{"level":"info","message":"[GET /radios]","timestamp":"2023-05-18T08:06:22.562Z"}
{"level":"info","message":"[GET /radios]","timestamp":"2023-05-18T08:06:56.920Z"}
{"level":"info","message":"[GET /radios]","timestamp":"2023-05-18T08:07:21.729Z"}
{"level":"info","message":"[GET /radios]","timestamp":"2023-05-18T08:08:39.319Z"}
{"level":"info","message":"[GET /radios]","timestamp":"2023-05-18T08:09:17.994Z"}
{"level":"info","message":"[GET /radios]","timestamp":"2023-05-18T08:09:18.606Z"}
{"level":"info","message":"[GET /radios]","timestamp":"2023-05-18T08:10:11.458Z"}
{"level":"info","message":"[GET /radios]","timestamp":"2023-05-18T08:10:51.247Z"}
{"level":"info","message":"[GET /radios]","timestamp":"2023-05-18T08:16:32.317Z"}
{"level":"info","message":"[GET /radios]","timestamp":"2023-05-18T08:17:09.571Z"}
{"level":"info","message":"[GET /radios]","timestamp":"2023-05-18T08:47:34.318Z"}
{"level":"info","message":"[GET /admins]","timestamp":"2023-05-18T08:47:37.892Z"}
{"level":"info","message":"[GET /chanels]","timestamp":"2023-05-18T08:53:22.447Z"}
{"level":"info","message":"[GET /admins]","timestamp":"2023-05-18T08:58:19.834Z"}
{"level":"info","message":"[GET /admins]","timestamp":"2023-05-18T08:59:38.065Z"}
{"level":"info","message":"[GET /signals]","timestamp":"2023-05-18T08:59:51.634Z"}
{"level":"info","message":"[GET /signals]","timestamp":"2023-05-18T09:01:35.010Z"}
{"level":"info","message":"[GET /admins]","timestamp":"2023-05-18T09:01:39.788Z"}
{"level":"info","message":"[GET /signals]","timestamp":"2023-05-18T09:01:42.060Z"}
{"level":"info","message":"[GET /admins]","timestamp":"2023-05-18T09:02:42.173Z"}
{"level":"info","message":"[GET /login]","timestamp":"2023-05-18T09:04:22.348Z"}
{"level":"info","message":"[GET /login]","timestamp":"2023-05-18T09:04:26.293Z"}
{"level":"info","message":"[GET /login]","timestamp":"2023-05-18T10:26:18.234Z"}
{"level":"info","message":"[POST /login]","timestamp":"2023-05-18T10:33:56.355Z"}
{"level":"info","message":"[POST /login]","timestamp":"2023-05-18T10:34:10.741Z"}
{"level":"info","message":"[POST /login]","timestamp":"2023-05-18T10:34:42.094Z"}
{"level":"info","message":"[POST /login]","timestamp":"2023-05-18T10:34:48.829Z"}
{"level":"info","message":"[POST /login]","timestamp":"2023-05-18T10:40:13.470Z"}
{"level":"info","message":"[POST /login]","timestamp":"2023-05-18T11:05:28.248Z"}
{"level":"info","message":"[POST /login]","timestamp":"2023-05-18T11:16:24.643Z"}
{"level":"info","message":"[POST /login]","timestamp":"2023-05-18T14:23:22.373Z"}
{"level":"info","message":"[POST /login]","timestamp":"2023-05-18T14:24:05.109Z"}
{"level":"info","message":"[POST /login]","timestamp":"2023-05-18T14:24:20.756Z"}
{"level":"info","message":"[POST /login]","timestamp":"2023-05-18T14:24:28.485Z"}
{"level":"info","message":"[POST /login]","timestamp":"2023-05-18T14:29:16.263Z"}
{"level":"info","message":"[POST /login]","timestamp":"2023-05-18T14:36:15.888Z"}
{"level":"info","message":"[POST /login]","timestamp":"2023-05-18T14:38:36.588Z"}
{"level":"info","message":"[POST /login]","timestamp":"2023-05-18T14:38:36.635Z"}
{"level":"info","message":"[POST /login]","timestamp":"2023-05-18T14:39:06.174Z"}
{"level":"info","message":"[POST /login]","timestamp":"2023-05-18T14:39:06.193Z"}
{"level":"info","message":"[POST /login]","timestamp":"2023-05-18T14:39:19.340Z"}
{"level":"info","message":"[POST /login]","timestamp":"2023-05-18T14:39:19.358Z"}
{"level":"info","message":"[POST /login]","timestamp":"2023-05-18T15:51:14.027Z"}
{"level":"info","message":"[POST /login]","timestamp":"2023-05-18T15:51:32.922Z"}
{"level":"info","message":"[POST /login]","timestamp":"2023-05-18T15:51:32.958Z"}
{"level":"info","message":"[POST /login]","timestamp":"2023-05-18T15:51:39.568Z"}
{"level":"info","message":"[POST /login]","timestamp":"2023-05-18T15:51:39.589Z"}
{"level":"info","message":"[POST /login]","timestamp":"2023-05-18T16:08:26.444Z"}
{"level":"info","message":"[POST /login]","timestamp":"2023-05-18T16:08:33.492Z"}
{"level":"info","message":"[POST /login]","timestamp":"2023-05-18T16:13:10.030Z"}
{"level":"info","message":"[POST /login]","timestamp":"2023-05-18T16:14:10.744Z"}
{"level":"info","message":"[POST /login]","timestamp":"2023-05-18T16:14:56.650Z"}
{"level":"info","message":"[POST /login]","timestamp":"2023-05-18T16:14:56.693Z"}
{"level":"info","message":"[POST /login]","timestamp":"2023-05-18T16:15:57.087Z"}
{"level":"info","message":"[POST /login]","timestamp":"2023-05-18T16:15:57.192Z"}
{"level":"info","message":"[POST /login]","timestamp":"2023-05-18T16:16:22.364Z"}
{"level":"info","message":"[POST /login]","timestamp":"2023-05-18T16:16:22.397Z"}
{"level":"info","message":"[POST /login]","timestamp":"2023-05-18T16:16:45.338Z"}
{"level":"info","message":"[POST /login]","timestamp":"2023-05-18T16:16:45.373Z"}
{"level":"info","message":"[POST /login]","timestamp":"2023-05-18T16:18:19.694Z"}
{"level":"info","message":"[POST /login]","timestamp":"2023-05-18T16:18:19.730Z"}
{"level":"info","message":"[POST /login]","timestamp":"2023-05-18T16:24:48.429Z"}
{"level":"info","message":"[POST /login]","timestamp":"2023-05-18T16:24:48.467Z"}
{"level":"info","message":"[POST /login]","timestamp":"2023-05-18T16:25:17.998Z"}
{"level":"info","message":"[POST /login]","timestamp":"2023-05-18T16:25:18.014Z"}
{"level":"info","message":"[POST /login]","timestamp":"2023-05-18T16:25:56.588Z"}
{"level":"info","message":"[POST /login]","timestamp":"2023-05-18T16:25:56.623Z"}
{"level":"info","message":"[POST /login]","timestamp":"2023-05-18T16:27:17.344Z"}
{"level":"info","message":"[POST /login]","timestamp":"2023-05-18T16:27:17.365Z"}
{"level":"info","message":"[POST /login]","timestamp":"2023-05-18T16:28:01.292Z"}
{"level":"info","message":"[POST /admin]","timestamp":"2023-05-18T16:53:40.364Z"}
{"level":"info","message":"[POST /admins]","timestamp":"2023-05-18T16:56:10.234Z"}
{"level":"info","message":"[POST /login]","timestamp":"2023-05-18T16:56:59.747Z"}
{"level":"info","message":"[POST /login]","timestamp":"2023-05-18T16:57:00.119Z"}
{"level":"info","message":"[POST /login]","timestamp":"2023-05-18T17:08:50.859Z"}
{"level":"info","message":"[POST /login]","timestamp":"2023-05-18T17:08:50.961Z"}
